2020-03-20 18:27:00,368 [1] INFO SequenceTask.SequenceApp.Application - Squared sequence was built
2020-03-20 18:27:00,378 [1] INFO SequenceTask.Program - Application was built.
2020-03-20 18:27:41,312 [1] INFO SequenceTask.SequenceApp.Application - Squared sequence was built
2020-03-20 18:27:41,322 [1] INFO SequenceTask.Program - Application was built.
2020-03-20 18:28:12,394 [1] INFO SequenceTask.SequenceApp.Application - Squared sequence was built
2020-03-20 18:28:12,404 [1] INFO SequenceTask.Program - Application was built.
2020-03-20 18:28:59,854 [1] INFO SequenceTask.SequenceApp.Application - Fibonacci sequence was built
2020-03-20 18:28:59,865 [1] INFO SequenceTask.Program - Application was built.
2020-03-20 18:29:17,263 [1] ERROR SequenceTask.Program - Object reference not set to an instance of an object.
2020-03-20 18:30:50,789 [1] ERROR SequenceTask.Program - Object reference not set to an instance of an object.
2020-03-20 18:32:22,572 [1] ERROR SequenceTask.Program - Object reference not set to an instance of an object.
2020-03-20 18:33:32,924 [1] ERROR SequenceTask.Program - Object reference not set to an instance of an object.
2020-03-20 18:34:33,634 [1] ERROR SequenceTask.Program - Object reference not set to an instance of an object.
2020-03-20 18:35:55,813 [1] ERROR SequenceTask.Program - Object reference not set to an instance of an object.
2020-03-20 18:37:19,881 [1] ERROR SequenceTask.SequenceApp.Application - Invalid input string
System.ArgumentException: Value does not fall within the expected range.
2020-03-20 18:37:19,892 [1] ERROR SequenceTask.Program - Invalid input string
2020-03-20 18:39:28,909 [1] ERROR SequenceTask.SequenceApp.Application - Invalid input string
System.ArgumentException: Value does not fall within the expected range.
2020-03-20 18:39:28,920 [1] ERROR SequenceTask.Program - Invalid input string
2020-03-20 18:40:00,652 [1] ERROR SequenceTask.SequenceApp.Application - Invalid input string
System.ArgumentException: Value does not fall within the expected range.
2020-03-20 18:40:00,665 [1] ERROR SequenceTask.Program - Invalid input string
2020-03-21 14:41:20,522 [1] INFO SequenceTask.SequenceApp.Application - Fibonacci sequence was built
2020-03-21 14:41:20,536 [1] INFO SequenceTask.Program - Application was built.
2020-03-21 14:51:58,856 [1] INFO SequenceTask.SequenceApp.Application - Fibonacci sequence was built
2020-03-21 14:52:24,741 [1] INFO SequenceTask.SequenceApp.Application - Fibonacci sequence was built
2020-03-21 14:53:14,214 [1] INFO SequenceTask.SequenceApp.Application - Fibonacci sequence was built
2020-03-21 14:53:22,043 [1] INFO SequenceTask.SequenceApp.Application - Fibonacci sequence was built
2020-03-21 14:56:06,449 [1] INFO SequenceTask.SequenceApp.Application - Fibonacci sequence was built
2020-03-21 14:56:06,461 [1] INFO SequenceTask.Program - Application was built.
2020-03-21 14:56:45,050 [1] INFO SequenceTask.SequenceApp.Application - Fibonacci sequence was built
2020-03-21 15:03:09,624 [1] INFO SequenceTask.SequenceApp.Application - Fibonacci sequence was built
2020-03-21 15:03:09,637 [1] INFO SequenceTask.Program - Application was built.
2020-03-21 15:03:24,467 [1] INFO SequenceTask.SequenceApp.Application - Fibonacci sequence was built
2020-03-21 15:03:24,479 [1] INFO SequenceTask.Program - Application was built.
2020-03-21 15:08:00,475 [1] INFO SequenceTask.SequenceApp.Application - Fibonacci sequence was initialize
2020-03-21 15:08:00,487 [1] ERROR SequenceTask.Program - Invalid arguments
2020-03-21 15:09:16,999 [1] INFO SequenceTask.SequenceApp.Application - Fibonacci sequence was initialize
2020-03-21 15:09:17,015 [1] ERROR SequenceTask.Logic.FibonacciSequence - Invalid input string
System.ArgumentException: Value does not fall within the expected range.
2020-03-21 15:09:17,018 [1] ERROR SequenceTask.Program - Invalid arguments
2020-03-21 15:10:25,454 [1] INFO SequenceTask.SequenceApp.Application - Fibonacci sequence was initialize
2020-03-21 15:10:25,470 [1] ERROR SequenceTask.Logic.FibonacciSequence - Invalid input arguments
2020-03-21 15:10:25,470 [1] ERROR SequenceTask.Program - Invalid arguments
2020-03-21 15:17:28,165 [1] INFO SequenceTask.SequenceApp.Application - Fibonacci sequence was initialize
2020-03-21 15:17:54,957 [1] INFO SequenceTask.SequenceApp.Application - Fibonacci sequence was initialize
2020-03-21 15:25:47,026 [1] INFO SequenceTask.SequenceApp.Application - Fibonacci sequence was initialize
2020-03-21 15:25:47,040 [1] INFO SequenceTask.Program - Application was built.
2020-03-21 15:27:53,059 [1] INFO SequenceTask.SequenceApp.Application - Fibonacci sequence was initialize
2020-03-21 15:27:53,078 [1] INFO SequenceTask.Program - Application was built.
2020-03-21 15:29:39,647 [1] INFO SequenceTask.SequenceApp.Application - Fibonacci sequence was initialize
2020-03-21 15:31:31,599 [1] INFO SequenceTask.SequenceApp.Application - Fibonacci sequence was initialize
2020-03-21 15:31:31,614 [1] INFO SequenceTask.Program - Application was built.
2020-03-21 15:33:53,383 [1] INFO SequenceTask.SequenceApp.Application - Fibonacci sequence was initialize
2020-03-21 15:33:53,399 [1] INFO SequenceTask.Program - Application was built.
2020-03-21 15:37:19,033 [1] INFO SequenceTask.SequenceApp.Application - Fibonacci sequence was initialize
2020-03-21 15:37:19,047 [1] INFO SequenceTask.Program - Application was built.
2020-03-21 15:37:31,780 [1] INFO SequenceTask.SequenceApp.Application - Fibonacci sequence was initialize
2020-03-21 15:37:31,794 [1] INFO SequenceTask.Program - Application was built.
2020-03-21 15:37:50,319 [1] INFO SequenceTask.SequenceApp.Application - Fibonacci sequence was initialize
2020-03-21 15:37:50,331 [1] ERROR SequenceTask.Logic.FibonacciSequence - Invalid input arguments
System.ArgumentException: Value does not fall within the expected range.
2020-03-21 15:37:50,333 [1] ERROR SequenceTask.Program - Invalid arguments
2020-03-21 15:38:39,406 [1] INFO SequenceTask.SequenceApp.Application - Fibonacci sequence was initialize
2020-03-21 15:38:39,419 [1] ERROR SequenceTask.Logic.FibonacciSequence - Invalid input arguments
System.ArgumentException: Value does not fall within the expected range.
2020-03-21 15:38:39,421 [1] ERROR SequenceTask.Program - Invalid arguments
2020-03-21 15:39:12,907 [1] INFO SequenceTask.SequenceApp.Application - Fibonacci sequence was initialize
2020-03-21 15:39:25,492 [1] INFO SequenceTask.SequenceApp.Application - Fibonacci sequence was initialize
2020-03-21 15:40:06,567 [1] INFO SequenceTask.SequenceApp.Application - Fibonacci sequence was initialize
2020-03-21 15:40:06,581 [1] INFO SequenceTask.Program - Application was built.
2020-03-21 15:48:31,670 [1] INFO SequenceTask.SequenceApp.Application - Squared sequence was initialize
2020-03-21 15:48:31,683 [1] INFO SequenceTask.Program - Application was built.
2020-03-21 15:55:24,260 [1] INFO SequenceTask.SequenceApp.Application - Squared sequence was initialize
2020-03-21 15:55:24,273 [1] INFO SequenceTask.Program - Application was built.
2020-03-21 15:57:17,746 [1] ERROR SequenceTask.Program - Object reference not set to an instance of an object.
2020-03-23 16:25:19,382 [1] ERROR SequenceTask.SequenceApp.Application - Invalid input string
System.ArgumentException: Value does not fall within the expected range.
2020-03-23 16:25:19,404 [1] ERROR SequenceTask.Program - Invalid input string
2020-03-23 16:25:41,074 [1] INFO SequenceTask.SequenceApp.Application - Fibonacci sequence was initialize
2020-03-23 16:25:41,088 [1] INFO SequenceTask.Program - Application was built.
2020-03-23 16:27:41,545 [1] INFO SequenceTask.SequenceApp.Application - Fibonacci sequence was initialize
2020-03-23 16:27:41,567 [1] INFO SequenceTask.Program - Application was built.
2020-03-23 16:29:56,243 [1] INFO SequenceTask.SequenceApp.Application - Fibonacci sequence was initialize
2020-03-23 16:29:56,261 [1] INFO SequenceTask.Program - Application was built.
2020-03-23 16:54:39,765 [1] INFO SequenceTask.SequenceApp.Application - Fibonacci sequence was initialized
2020-03-23 16:54:39,777 [1] INFO SequenceTask.Program - Application was built.
2020-03-23 16:55:46,203 [1] INFO SequenceTask.SequenceApp.Application - Fibonacci sequence was initialized
2020-03-23 16:55:46,214 [1] INFO SequenceTask.Program - Application was built.
2020-03-23 18:05:04,565 [1] INFO SequenceTask.SequenceApp.Application - Squared sequence was initialized
2020-03-23 18:05:04,576 [1] INFO SequenceTask.Program - Application was built.
2020-03-23 18:06:46,592 [1] INFO SequenceTask.SequenceApp.Application - Squared sequence was initialized
2020-03-23 18:07:44,636 [1] INFO SequenceTask.SequenceApp.Application - Squared sequence was initialized
2020-03-23 18:08:32,110 [1] INFO SequenceTask.SequenceApp.Application - Squared sequence was initialized
2020-03-23 18:08:32,121 [1] INFO SequenceTask.Program - Application was built.
2020-03-23 18:09:33,855 [1] INFO SequenceTask.SequenceApp.Application - Squared sequence was initialized
2020-03-23 18:09:33,866 [1] INFO SequenceTask.Program - Application was built.
2020-03-24 11:51:26,216 [1] INFO SequenceTask.SequenceApp.Application - Squared sequence was initialized
2020-03-24 11:51:26,236 [1] INFO SequenceTask.Program - Application was built.
2020-03-24 12:11:53,393 [1] INFO SequenceTask.SequenceApp.Application - Squared sequence was initialized
2020-03-24 12:11:53,407 [1] INFO SequenceTask.Program - Application was built.
2020-03-24 17:01:39,668 [1] INFO SequenceTask.SequenceApp.Application - Squared sequence was initialized
2020-03-24 17:01:39,684 [1] INFO SequenceTask.Program - Application was built.
2020-03-24 17:10:55,930 [1] INFO SequenceTask.SequenceApp.Application - Squared sequence was initialized
2020-03-24 17:10:55,943 [1] INFO SequenceTask.Program - Application was built.
2020-03-24 17:18:57,462 [1] INFO SequenceTask.SequenceApp.Application - Squared sequence was initialized
2020-03-24 17:18:57,476 [1] INFO SequenceTask.Program - Application was built.
2020-03-24 17:19:23,499 [1] INFO SequenceTask.SequenceApp.Application - Squared sequence was initialized
2020-03-24 17:19:23,511 [1] INFO SequenceTask.Program - Application was built.
2020-03-24 17:22:26,224 [1] INFO SequenceTask.SequenceApp.Application - Squared sequence was initialized
2020-03-24 17:22:26,237 [1] INFO SequenceTask.Program - Application was built.
2020-03-24 17:26:05,862 [1] ERROR SequenceTask.Program - System.ArgumentException: Invalid input string
   at SequenceTask.SequenceApp.Application.Run(String[] args) in C:\Study\Курсы\SoftServe\ElementaryTask\SequenceTask\SequenceApp\Application.cs:line 45
   at SequenceTask.Program.Main(String[] args) in C:\Study\Курсы\SoftServe\ElementaryTask\SequenceTask\Program.cs:line 19
